{"logTime": "0207/125618", "correlationVector":"oeD/TyhmaUwp45RqQmuuHr.1","action":"SyncServerConnectionManagerRequest", "result":"SYNC_SERVER_OK", "context":{"environment":"Prod_JapanEast_000f", "migrationStage":"NotStarted", "server":"GENERAL01000008"}}
{"logTime": "0207/125634", "correlationVector":"oeD/TyhmaUwp45RqQmuuHr.2","action":"AAD.Mip.Unpack", "result":"Success", "context":MIP_CLOUD_COMMERCIAL:Success}
{"logTime": "0207/125634", "correlationVector":"oeD/TyhmaUwp45RqQmuuHr.3","action":"AAD.GetKeyResponse", "result":"Success", "context":Keys=4.LastKeyStatus=Normal. 2024-01-18 00:02:47 +0530.State=None. Tags: Current_encryption_keys_tag = 77+9H++/ve+/ve+/vRF11arvv70B77+9XS7vv73vv73vv73vv71hNRs4JHTvv73vv70LW++/ve+/vQ3vv70=, Updated_current_encryption_keys_tag = Empty}
{"logTime": "0207/125634", "correlationVector":"oeD/TyhmaUwp45RqQmuuHr","action":"Initial GetUpdates", "result":"", "context":Reason: NEW_CLIENT. cV=oeD/TyhmaUwp45RqQmuuHr}
{"logTime": "0207/125634", "correlationVector":"xU1z8nueWfKpi190xP8/KJ","action":"Initial GetUpdates", "result":"", "context":Reason: NEW_CLIENT. cV=xU1z8nueWfKpi190xP8/KJ}
{"logTime": "0207/125649", "correlationVector":"xU1z8nueWfKpi190xP8/KJ.1","action":"SyncServerConnectionManagerRequest", "result":"SYNC_SERVER_OK", "context":{"environment":"Prod_JapanEast_000f", "migrationStage":"NotStarted", "server":"GENERAL1100000Z"}}
{"logTime": "0207/125649", "correlationVector":"xU1z8nueWfKpi190xP8/KJ.2","action":"GetUpdates Response", "result":"SYNCER_OK", "context":Received 8 update(s). cV=xU1z8nueWfKpi190xP8/KJ.0;server=GENERAL1100000Z;cloudType=Multitenant;environment=Prod_JapanEast_000f;migrationStage=NotStarted}
{"logTime": "0207/125650", "correlationVector":"wmE3hC1B2QlikTfRsJR/rN","action":"Normal GetUpdate request", "result":"", "context":cV=wmE3hC1B2QlikTfRsJR/rN
Nudged types: Device Info, User Consents
Refresh requested types: Device Info, User Consents, Send Tab To Self, Encryption Keys}
{"logTime": "0207/125650", "correlationVector":"wmE3hC1B2QlikTfRsJR/rN.1","action":"SyncServerConnectionManagerRequest", "result":"SYNC_SERVER_OK", "context":{"environment":"Prod_JapanEast_000f", "migrationStage":"NotStarted", "server":"GENERAL0100000F"}}
{"logTime": "0207/125650", "correlationVector":"wmE3hC1B2QlikTfRsJR/rN.2","action":"GetUpdates Response", "result":"SYNCER_OK", "context":Received 0 update(s). cV=wmE3hC1B2QlikTfRsJR/rN.0;server=GENERAL0100000F;cloudType=Multitenant;environment=Prod_JapanEast_000f;migrationStage=NotStarted}
{"logTime": "0207/125651", "correlationVector":"BS/FL66p3tc5eNm3JhHYBG","action":"Commit Request", "result":"", "context":Item count: 2
Contributing types: Device Info, User Consents}
{"logTime": "0207/125651", "correlationVector":"BS/FL66p3tc5eNm3JhHYBG.1","action":"SyncServerConnectionManagerRequest", "result":"SYNC_SERVER_OK", "context":{"environment":"Prod_JapanEast_000f", "migrationStage":"NotStarted", "server":"GENERAL0100000M"}}
{"logTime": "0207/125651", "correlationVector":"BS/FL66p3tc5eNm3JhHYBG.2","action":"Commit Response", "result":"SYNCER_OK", "context":Result: SYNCER_OK. cV=BS/FL66p3tc5eNm3JhHYBG.0;server=GENERAL0100000M;cloudType=Multitenant;environment=Prod_JapanEast_000f;migrationStage=NotStarted}
{"logTime": "0207/125652", "correlationVector":"SIIBCoICGVfpGFDGcgCSXA","action":"Normal GetUpdate request", "result":"", "context":cV=SIIBCoICGVfpGFDGcgCSXA
Nudged types: Device Info}
{"logTime": "0207/125653", "correlationVector":"SIIBCoICGVfpGFDGcgCSXA.1","action":"SyncServerConnectionManagerRequest", "result":"SYNC_SERVER_OK", "context":{"environment":"Prod_JapanEast_000f", "migrationStage":"NotStarted", "server":"GENERAL1100000D"}}
{"logTime": "0207/125653", "correlationVector":"SIIBCoICGVfpGFDGcgCSXA.2","action":"GetUpdates Response", "result":"SYNCER_OK", "context":Received 1 update(s). cV=SIIBCoICGVfpGFDGcgCSXA.0;server=GENERAL1100000D;cloudType=Multitenant;environment=Prod_JapanEast_000f;migrationStage=NotStarted}
{"logTime": "0207/130028", "correlationVector":"d/LUbHcMeYatco6CeqLErb","action":"Normal GetUpdate request", "result":"", "context":cV=d/LUbHcMeYatco6CeqLErb
Notified types: Device Info}
{"logTime": "0207/130030", "correlationVector":"d/LUbHcMeYatco6CeqLErb.1","action":"SyncServerConnectionManagerRequest", "result":"SYNC_SERVER_OK", "context":{"environment":"Prod_JapanEast_000f", "migrationStage":"NotStarted", "server":"GENERAL0100000C"}}
{"logTime": "0207/130030", "correlationVector":"d/LUbHcMeYatco6CeqLErb.2","action":"GetUpdates Response", "result":"SYNCER_OK", "context":Received 1 update(s). cV=d/LUbHcMeYatco6CeqLErb.0;server=GENERAL0100000C;cloudType=Multitenant;environment=Prod_JapanEast_000f;migrationStage=NotStarted}
{"logTime": "0207/130115", "correlationVector":"mYRBbnTw982tuZJ9UQwenH","action":"Normal GetUpdate request", "result":"", "context":cV=mYRBbnTw982tuZJ9UQwenH
Refresh requested types: Device Info, User Consents, Send Tab To Self, Encryption Keys}
{"logTime": "0207/130118", "correlationVector":"mYRBbnTw982tuZJ9UQwenH.1","action":"SyncServerConnectionManagerRequest", "result":"SYNC_SERVER_OK", "context":{"environment":"Prod_JapanEast_000f", "migrationStage":"NotStarted", "server":"GENERAL11000013"}}
{"logTime": "0207/130118", "correlationVector":"mYRBbnTw982tuZJ9UQwenH.2","action":"GetUpdates Response", "result":"SYNCER_OK", "context":Received 0 update(s). cV=mYRBbnTw982tuZJ9UQwenH.0;server=GENERAL11000013;cloudType=Multitenant;environment=Prod_JapanEast_000f;migrationStage=NotStarted}
{"logTime": "0207/131136", "correlationVector":"8HdgCHDMM2SjGp2s6FZcMr","action":"Normal GetUpdate request", "result":"", "context":cV=8HdgCHDMM2SjGp2s6FZcMr
Notified types: Device Info}
{"logTime": "0207/131138", "correlationVector":"8HdgCHDMM2SjGp2s6FZcMr.1","action":"SyncServerConnectionManagerRequest", "result":"SYNC_SERVER_OK", "context":{"environment":"Prod_JapanEast_000f", "migrationStage":"NotStarted", "server":"GENERAL1100001I"}}
{"logTime": "0207/131138", "correlationVector":"8HdgCHDMM2SjGp2s6FZcMr.2","action":"GetUpdates Response", "result":"SYNCER_OK", "context":Received 1 update(s). cV=8HdgCHDMM2SjGp2s6FZcMr.0;server=GENERAL1100001I;cloudType=Multitenant;environment=Prod_JapanEast_000f;migrationStage=NotStarted}
